<?xml version="1.0" encoding="UTF-8"?>
<testng-results skipped="0" failed="0" ignored="0" total="4" passed="4">
  <reporter-output>
  </reporter-output>
  <suite name="tests.Tests" duration-ms="39306" started-at="2019-05-07T19:34:20Z" finished-at="2019-05-07T19:35:00Z">
    <groups>
    </groups>
    <test name="Command line test" duration-ms="39306" started-at="2019-05-07T19:34:20Z" finished-at="2019-05-07T19:35:00Z">
      <class name="tests.Tests">
        <test-method status="PASS" signature="setUp()[pri:0, instance:tests.Tests@71be98f5]" name="setUp" is-config="true" duration-ms="6235" started-at="2019-05-07T19:34:20Z" finished-at="2019-05-07T19:34:27Z">
          <reporter-output>
          </reporter-output>
        </test-method> <!-- setUp -->
        <test-method status="PASS" signature="pruebaCuatro()[pri:0, instance:tests.Tests@71be98f5]" name="pruebaCuatro" duration-ms="81" started-at="2019-05-07T19:34:27Z" finished-at="2019-05-07T19:34:27Z">
          <reporter-output>
          </reporter-output>
        </test-method> <!-- pruebaCuatro -->
        <test-method status="PASS" signature="tearDown()[pri:0, instance:tests.Tests@71be98f5]" name="tearDown" is-config="true" duration-ms="2205" started-at="2019-05-07T19:34:27Z" finished-at="2019-05-07T19:34:29Z">
          <reporter-output>
          </reporter-output>
        </test-method> <!-- tearDown -->
        <test-method status="PASS" signature="setUp()[pri:0, instance:tests.Tests@71be98f5]" name="setUp" is-config="true" duration-ms="4682" started-at="2019-05-07T19:34:29Z" finished-at="2019-05-07T19:34:34Z">
          <reporter-output>
          </reporter-output>
        </test-method> <!-- setUp -->
        <test-method status="PASS" signature="pruebaDos()[pri:0, instance:tests.Tests@71be98f5]" name="pruebaDos" duration-ms="5274" started-at="2019-05-07T19:34:34Z" finished-at="2019-05-07T19:34:39Z">
          <reporter-output>
          </reporter-output>
        </test-method> <!-- pruebaDos -->
        <test-method status="PASS" signature="tearDown()[pri:0, instance:tests.Tests@71be98f5]" name="tearDown" is-config="true" duration-ms="2552" started-at="2019-05-07T19:34:39Z" finished-at="2019-05-07T19:34:41Z">
          <reporter-output>
          </reporter-output>
        </test-method> <!-- tearDown -->
        <test-method status="PASS" signature="setUp()[pri:0, instance:tests.Tests@71be98f5]" name="setUp" is-config="true" duration-ms="4684" started-at="2019-05-07T19:34:41Z" finished-at="2019-05-07T19:34:46Z">
          <reporter-output>
          </reporter-output>
        </test-method> <!-- setUp -->
        <test-method status="PASS" signature="pruebaTres()[pri:0, instance:tests.Tests@71be98f5]" name="pruebaTres" duration-ms="6327" started-at="2019-05-07T19:34:46Z" finished-at="2019-05-07T19:34:52Z">
          <reporter-output>
          </reporter-output>
        </test-method> <!-- pruebaTres -->
        <test-method status="PASS" signature="tearDown()[pri:0, instance:tests.Tests@71be98f5]" name="tearDown" is-config="true" duration-ms="275" started-at="2019-05-07T19:34:52Z" finished-at="2019-05-07T19:34:53Z">
          <reporter-output>
          </reporter-output>
        </test-method> <!-- tearDown -->
        <test-method status="PASS" signature="setUp()[pri:0, instance:tests.Tests@71be98f5]" name="setUp" is-config="true" duration-ms="4529" started-at="2019-05-07T19:34:53Z" finished-at="2019-05-07T19:34:57Z">
          <reporter-output>
          </reporter-output>
        </test-method> <!-- setUp -->
        <test-method status="PASS" signature="pruebaUno()[pri:0, instance:tests.Tests@71be98f5]" name="pruebaUno" duration-ms="2155" started-at="2019-05-07T19:34:57Z" finished-at="2019-05-07T19:34:59Z">
          <reporter-output>
          </reporter-output>
        </test-method> <!-- pruebaUno -->
        <test-method status="PASS" signature="tearDown()[pri:0, instance:tests.Tests@71be98f5]" name="tearDown" is-config="true" duration-ms="260" started-at="2019-05-07T19:34:59Z" finished-at="2019-05-07T19:35:00Z">
          <reporter-output>
          </reporter-output>
        </test-method> <!-- tearDown -->
      </class> <!-- tests.Tests -->
    </test> <!-- Command line test -->
  </suite> <!-- tests.Tests -->
</testng-results>
