<?xml version="1.0" encoding="UTF-8"?>
<!-- Generated by org.testng.reporters.JUnitXMLReporter -->
<testsuite hostname="DIBOG-ECASTELLANOS" ignored="0" name="Command line test" tests="4" failures="0" timestamp="07 may 2019 19:35:00 GMT" time="39.306" errors="0">
  <testcase name="pruebaCuatro" time="0.081" classname="tests.Tests"/>
  <testcase name="pruebaDos" time="5.274" classname="tests.Tests"/>
  <testcase name="pruebaTres" time="6.327" classname="tests.Tests"/>
  <testcase name="pruebaUno" time="2.155" classname="tests.Tests"/>
</testsuite> <!-- Command line test -->
